# Logfile created on Tue Mar 10 10:37:21 +0800 2009

Processing MonthlyMlogsController#index (for 127.0.0.1 at 2009-03-10 10:38:01) [GET]
Redirected to /session/new
Filter chain halted as [:login_required] rendered_or_redirected.
Completed in 0ms (DB: 0) | 302 Found [http://localhost/]


Processing SessionsController#new (for 127.0.0.1 at 2009-03-10 10:38:02) [GET]
Rendering template within layouts/session
Rendering sessions/new
Rendered sessions/_mlog_intro (0.0ms)
Completed in 0ms (View: 0, DB: 0) | 200 OK [http://localhost/session/new]


Processing SessionsController#create (for 127.0.0.1 at 2009-03-10 10:38:10) [POST]
  Parameters: {"authenticity_token"=>"67e4d119a95d64717d1ad317930e5a430fd8e881", "login"=>"fhopecc", "password"=>"19790729"}
  [4;36;1mUser Load (0.0ms)[0m   [0;1mSELECT * FROM "users" WHERE ("users"."login" = 'fhopecc') LIMIT 1[0m
Redirected to /
Completed in 32ms (DB: 0) | 302 Found [http://localhost/session]


Processing MonthlyMlogsController#index (for 127.0.0.1 at 2009-03-10 10:38:10) [GET]
  [4;35;1mUser Load (0.0ms)[0m   [0mSELECT * FROM "users" WHERE ("users"."id" = 1) LIMIT 1[0m
Redirected to /monthly_mlogs/3
Completed in 16ms (DB: 0) | 302 Found [http://localhost/]


Processing MonthlyMlogsController#show (for 127.0.0.1 at 2009-03-10 10:38:10) [GET]
  Parameters: {"id"=>"3"}
  [4;36;1mUser Load (0.0ms)[0m   [0;1mSELECT * FROM "users" WHERE ("users"."id" = 1) LIMIT 1[0m
Rendering template within layouts/monthly
Rendering monthly_mlogs/show
Rendered mlogs/_mon_selector (16.0ms)
  [4;35;1mMlog Load (0.0ms)[0m   [0mSELECT * FROM "mlogs" WHERE ("mlogs".user_id = 1 AND (date BETWEEN '2009-03-01' AND '2009-03-31' )) ORDER BY date DESC[0m
Rendered mlogs/_topbar (0.0ms)
Rendered mlogs/_adsense (0.0ms)
Rendered mlogs/_tasks (0.0ms)
Rendered mlogs/_caculator (0.0ms)
Completed in 203ms (View: 125, DB: 0) | 200 OK [http://localhost/monthly_mlogs/3]


Processing MonthlyMlogsController#show (for 127.0.0.1 at 2009-03-10 10:38:15) [GET]
  Parameters: {"id"=>"200902"}
  [4;36;1mUser Load (0.0ms)[0m   [0;1mSELECT * FROM "users" WHERE ("users"."id" = 1) LIMIT 1[0m
Rendering template within layouts/monthly
Rendering monthly_mlogs/show
Rendered mlogs/_mon_selector (16.0ms)
  [4;35;1mMlog Load (0.0ms)[0m   [0mSELECT * FROM "mlogs" WHERE ("mlogs".user_id = 1 AND (date BETWEEN '2009-02-01' AND '2009-02-28' )) ORDER BY date DESC[0m
  [4;36;1mTag Load (0.0ms)[0m   [0;1mSELECT "tags".* FROM "tags" INNER JOIN taggings ON tags.id = taggings.tag_id WHERE (("taggings".taggable_type = 'Mlog') AND ("taggings".taggable_id = 441)) [0m
  [4;35;1mTag Load (0.0ms)[0m   [0mSELECT "tags".* FROM "tags" INNER JOIN taggings ON tags.id = taggings.tag_id WHERE (("taggings".taggable_type = 'Mlog') AND ("taggings".taggable_id = 442)) [0m
  [4;36;1mTag Load (0.0ms)[0m   [0;1mSELECT "tags".* FROM "tags" INNER JOIN taggings ON tags.id = taggings.tag_id WHERE (("taggings".taggable_type = 'Mlog') AND ("taggings".taggable_id = 444)) [0m
  [4;35;1mTag Load (0.0ms)[0m   [0mSELECT "tags".* FROM "tags" INNER JOIN taggings ON tags.id = taggings.tag_id WHERE (("taggings".taggable_type = 'Mlog') AND ("taggings".taggable_id = 440)) [0m
  [4;36;1mTag Load (0.0ms)[0m   [0;1mSELECT "tags".* FROM "tags" INNER JOIN taggings ON tags.id = taggings.tag_id WHERE (("taggings".taggable_type = 'Mlog') AND ("taggings".taggable_id = 445)) [0m
  [4;35;1mTag Load (0.0ms)[0m   [0mSELECT "tags".* FROM "tags" INNER JOIN taggings ON tags.id = taggings.tag_id WHERE (("taggings".taggable_type = 'Mlog') AND ("taggings".taggable_id = 446)) [0m
  [4;36;1mTag Load (0.0ms)[0m   [0;1mSELECT "tags".* FROM "tags" INNER JOIN taggings ON tags.id = taggings.tag_id WHERE (("taggings".taggable_type = 'Mlog') AND ("taggings".taggable_id = 447)) [0m
  [4;35;1mTag Load (0.0ms)[0m   [0mSELECT "tags".* FROM "tags" INNER JOIN taggings ON tags.id = taggings.tag_id WHERE (("taggings".taggable_type = 'Mlog') AND ("taggings".taggable_id = 439)) [0m
  [4;36;1mTag Load (0.0ms)[0m   [0;1mSELECT "tags".* FROM "tags" INNER JOIN taggings ON tags.id = taggings.tag_id WHERE (("taggings".taggable_type = 'Mlog') AND ("taggings".taggable_id = 443)) [0m
  [4;35;1mTag Load (0.0ms)[0m   [0mSELECT "tags".* FROM "tags" INNER JOIN taggings ON tags.id = taggings.tag_id WHERE (("taggings".taggable_type = 'Mlog') AND ("taggings".taggable_id = 415)) [0m
  [4;36;1mTag Load (0.0ms)[0m   [0;1mSELECT "tags".* FROM "tags" INNER JOIN taggings ON tags.id = taggings.tag_id WHERE (("taggings".taggable_type = 'Mlog') AND ("taggings".taggable_id = 416)) [0m
Rendered mlogs/_topbar (16.0ms)
Rendered mlogs/_adsense (0.0ms)
Rendered mlogs/_tasks (0.0ms)
Rendered mlogs/_caculator (0.0ms)
Completed in 141ms (View: 94, DB: 0) | 200 OK [http://localhost/monthly_mlogs/200902]


Processing TagTreesController#index (for 127.0.0.1 at 2009-03-10 10:38:18) [GET]
Redirected to /tag_trees/root
Completed in 0ms (DB: 0) | 302 Found [http://localhost/tag_trees]


Processing TagTreesController#show (for 127.0.0.1 at 2009-03-10 10:38:18) [GET]
  Parameters: {"id"=>"root"}
  [4;35;1mUser Load (0.0ms)[0m   [0mSELECT * FROM "users" WHERE ("users"."id" = 1) LIMIT 1[0m
  [4;36;1mTagTree Load (0.0ms)[0m   [0;1mSELECT * FROM "tag_trees" WHERE ("tag_trees".user_id = 1) LIMIT 1[0m
tag_tree BAhVOhNUcmVlOjpUcmVlTm9kZVsgewg6DGNvbnRlbnQiDQQIIglyb290Oglu
YW1lIglyb290OgtwYXJlbnQwewg7BiIPBAgiC+aUr+WHujsHIgYwOwhACXsI
OwYiDwQIIgvnpL7kuqQ7ByIGMjsIQAx7CDsGIg8ECCIL57SF5YyFOwciBjE7
CEAPewg7BiIPBAgiC+iri+WuojsHIgcxMjsIQA97CDsGIg8ECCIL56au54mp
OwciBzEzOwhAD3sIOwYiDwQIIgvogZrppJA7ByIHMTQ7CEAPewg7BiIPBAgi
C+emrumHkTsHIgcyNDsIQA97CDsGIg8ECCIL5a6255SoOwciBjM7CEAMewg7
BiISBAgiDumGq+eZguiyuzsHIgY0OwhADHsIOwYiDAQIIgjpo587ByIHMTA7
CEAMewg7BiIPBAgiC+iPnOmMojsHIgY1OwhAJ3sIOwYiDwQIIgvmmZrppJA7
ByIHMTE7CEAnewg7BiIPBAgiC+aXqemkkDsHIgY3OwhAJ3sIOwYiDwQIIgvp
m7bpo587ByIHMTY7CEAnewg7BiIPBAgiC+S4remkkDsHIgcyMDsIQCd7CDsG
IgwECCII6KGMOwciBjg7CEAMewg7BiISBAgiDueBq+i7iuiyuzsHIgY5OwhA
OXsIOwYiDwQIIgvpm7vlvbE7ByIHMTc7CEAMewg7BiIMBAgiCOiCsjsHIgcx
ODsIQAx7CDsGIg8ECCIL5pWZ5p2QOwciBzE5OwhAQnsIOwYiEgQIIg7kv53p
mqrosrs7ByIHMjI7CEAMewg7BiIPBAgiC+WutumbuzsHIgcyMzsIQAx7CDsG
IhUECCIR5LqM5L+h5rS75YSyOwciBjY7CEAMewg7BiIOBAgiCmljYXNoOwci
BzI2OwhADHsIOwYiDwQIIgvmlLblhaU7ByIHMTU7CEAJewg7BiISBAgiDui8
lOWKqemHkTsHIgcyNTsIQFQ=


TypeError (instance of Tree::TreeNode needs to have method `marshal_load'):
    /app/models/tag_tree.rb:73:in `restore'
    /app/models/tag_tree.rb:73:in `after_initialize'
    c:/ruby/lib/ruby/gems/1.8/gems/activerecord-2.2.2/lib/active_record/callbacks.rb:318:in `send'
    c:/ruby/lib/ruby/gems/1.8/gems/activerecord-2.2.2/lib/active_record/callbacks.rb:318:in `callback'
    c:/ruby/lib/ruby/gems/1.8/gems/activerecord-2.2.2/lib/active_record/base.rb:1599:in `send'
    c:/ruby/lib/ruby/gems/1.8/gems/activerecord-2.2.2/lib/active_record/base.rb:1599:in `instantiate'
    c:/ruby/lib/ruby/gems/1.8/gems/activerecord-2.2.2/lib/active_record/base.rb:635:in `find_by_sql'
    c:/ruby/lib/ruby/gems/1.8/gems/activerecord-2.2.2/lib/active_record/base.rb:635:in `collect!'
    c:/ruby/lib/ruby/gems/1.8/gems/activerecord-2.2.2/lib/active_record/base.rb:635:in `find_by_sql'
    c:/ruby/lib/ruby/gems/1.8/gems/activerecord-2.2.2/lib/active_record/base.rb:1490:in `find_every'
    c:/ruby/lib/ruby/gems/1.8/gems/activerecord-2.2.2/lib/active_record/base.rb:1452:in `find_initial'
    c:/ruby/lib/ruby/gems/1.8/gems/activerecord-2.2.2/lib/active_record/base.rb:587:in `find'
    c:/ruby/lib/ruby/gems/1.8/gems/activerecord-2.2.2/lib/active_record/associations/has_one_association.rb:68:in `find_target'
    c:/ruby/lib/ruby/gems/1.8/gems/activerecord-2.2.2/lib/active_record/associations/association_proxy.rb:233:in `load_target'
    c:/ruby/lib/ruby/gems/1.8/gems/activerecord-2.2.2/lib/active_record/associations/association_proxy.rb:112:in `reload'
    c:/ruby/lib/ruby/gems/1.8/gems/activerecord-2.2.2/lib/active_record/associations.rb:1249:in `tag_tree'
    /app/controllers/tag_trees_controller.rb:11:in `show'
    c:/ruby/lib/ruby/gems/1.8/gems/actionpack-2.2.2/lib/action_controller/base.rb:1253:in `send'
    c:/ruby/lib/ruby/gems/1.8/gems/actionpack-2.2.2/lib/action_controller/base.rb:1253:in `perform_action_without_filters'
    c:/ruby/lib/ruby/gems/1.8/gems/actionpack-2.2.2/lib/action_controller/filters.rb:617:in `call_filters'
    c:/ruby/lib/ruby/gems/1.8/gems/actionpack-2.2.2/lib/action_controller/filters.rb:610:in `perform_action_without_benchmark'
    c:/ruby/lib/ruby/gems/1.8/gems/actionpack-2.2.2/lib/action_controller/benchmarking.rb:68:in `perform_action_without_rescue'
    c:/ruby/lib/ruby/1.8/benchmark.rb:293:in `measure'
    c:/ruby/lib/ruby/gems/1.8/gems/actionpack-2.2.2/lib/action_controller/benchmarking.rb:68:in `perform_action_without_rescue'
    c:/ruby/lib/ruby/gems/1.8/gems/actionpack-2.2.2/lib/action_controller/rescue.rb:136:in `perform_action_without_caching'
    c:/ruby/lib/ruby/gems/1.8/gems/actionpack-2.2.2/lib/action_controller/caching/sql_cache.rb:13:in `perform_action'
    c:/ruby/lib/ruby/gems/1.8/gems/activerecord-2.2.2/lib/active_record/connection_adapters/abstract/query_cache.rb:34:in `cache'
    c:/ruby/lib/ruby/gems/1.8/gems/activerecord-2.2.2/lib/active_record/query_cache.rb:8:in `cache'
    c:/ruby/lib/ruby/gems/1.8/gems/actionpack-2.2.2/lib/action_controller/caching/sql_cache.rb:12:in `perform_action'
    c:/ruby/lib/ruby/gems/1.8/gems/actionpack-2.2.2/lib/action_controller/base.rb:524:in `send'
    c:/ruby/lib/ruby/gems/1.8/gems/actionpack-2.2.2/lib/action_controller/base.rb:524:in `process_without_filters'
    c:/ruby/lib/ruby/gems/1.8/gems/actionpack-2.2.2/lib/action_controller/filters.rb:606:in `process_without_session_management_support'
    c:/ruby/lib/ruby/gems/1.8/gems/actionpack-2.2.2/lib/action_controller/session_management.rb:134:in `process'
    c:/ruby/lib/ruby/gems/1.8/gems/actionpack-2.2.2/lib/action_controller/base.rb:392:in `process'
    c:/ruby/lib/ruby/gems/1.8/gems/actionpack-2.2.2/lib/action_controller/dispatcher.rb:183:in `handle_request'
    c:/ruby/lib/ruby/gems/1.8/gems/actionpack-2.2.2/lib/action_controller/dispatcher.rb:110:in `dispatch_unlocked'
    c:/ruby/lib/ruby/gems/1.8/gems/actionpack-2.2.2/lib/action_controller/dispatcher.rb:123:in `dispatch'
    c:/ruby/lib/ruby/gems/1.8/gems/actionpack-2.2.2/lib/action_controller/dispatcher.rb:122:in `synchronize'
    c:/ruby/lib/ruby/gems/1.8/gems/actionpack-2.2.2/lib/action_controller/dispatcher.rb:122:in `dispatch'
    c:/ruby/lib/ruby/gems/1.8/gems/actionpack-2.2.2/lib/action_controller/dispatcher.rb:132:in `dispatch_cgi'
    c:/ruby/lib/ruby/gems/1.8/gems/actionpack-2.2.2/lib/action_controller/dispatcher.rb:39:in `dispatch'
    c:/ruby/lib/ruby/gems/1.8/gems/rails-2.2.2/lib/webrick_server.rb:103:in `handle_dispatch'
    c:/ruby/lib/ruby/gems/1.8/gems/rails-2.2.2/lib/webrick_server.rb:74:in `service'
    c:/ruby/lib/ruby/1.8/webrick/httpserver.rb:104:in `service'
    c:/ruby/lib/ruby/1.8/webrick/httpserver.rb:65:in `run'
    c:/ruby/lib/ruby/1.8/webrick/server.rb:173:in `start_thread'
    c:/ruby/lib/ruby/1.8/webrick/server.rb:162:in `start'
    c:/ruby/lib/ruby/1.8/webrick/server.rb:162:in `start_thread'
    c:/ruby/lib/ruby/1.8/webrick/server.rb:95:in `start'
    c:/ruby/lib/ruby/1.8/webrick/server.rb:92:in `each'
    c:/ruby/lib/ruby/1.8/webrick/server.rb:92:in `start'
    c:/ruby/lib/ruby/1.8/webrick/server.rb:23:in `start'
    c:/ruby/lib/ruby/1.8/webrick/server.rb:82:in `start'
    c:/ruby/lib/ruby/gems/1.8/gems/rails-2.2.2/lib/webrick_server.rb:60:in `dispatch'
    c:/ruby/lib/ruby/gems/1.8/gems/rails-2.2.2/lib/commands/servers/webrick.rb:66
    c:/ruby/lib/ruby/site_ruby/1.8/rubygems/custom_require.rb:27:in `gem_original_require'
    c:/ruby/lib/ruby/site_ruby/1.8/rubygems/custom_require.rb:27:in `require'
    c:/ruby/lib/ruby/gems/1.8/gems/activesupport-2.2.2/lib/active_support/dependencies.rb:153:in `require'
    c:/ruby/lib/ruby/gems/1.8/gems/activesupport-2.2.2/lib/active_support/dependencies.rb:521:in `new_constants_in'
    c:/ruby/lib/ruby/gems/1.8/gems/activesupport-2.2.2/lib/active_support/dependencies.rb:153:in `require'
    c:/ruby/lib/ruby/gems/1.8/gems/rails-2.2.2/lib/commands/server.rb:49
    c:/ruby/lib/ruby/site_ruby/1.8/rubygems/custom_require.rb:27:in `gem_original_require'
    c:/ruby/lib/ruby/site_ruby/1.8/rubygems/custom_require.rb:27:in `require'
    script/server:3

Rendered c:/ruby/lib/ruby/gems/1.8/gems/actionpack-2.2.2/lib/action_controller/templates/rescues/_trace (141.0ms)
Rendered c:/ruby/lib/ruby/gems/1.8/gems/actionpack-2.2.2/lib/action_controller/templates/rescues/_request_and_response (16.0ms)
Rendering c:/ruby/lib/ruby/gems/1.8/gems/actionpack-2.2.2/lib/action_controller/templates/rescues/layout.erb (internal_server_error)


Processing TagTreesController#show (for 127.0.0.1 at 2009-03-10 10:38:59) [GET]
  Parameters: {"id"=>"root"}
  [4;35;1mUser Load (0.0ms)[0m   [0mSELECT * FROM "users" WHERE ("users"."id" = 1) LIMIT 1[0m
  [4;36;1mTagTree Load (0.0ms)[0m   [0;1mSELECT * FROM "tag_trees" WHERE ("tag_trees".user_id = 1) LIMIT 1[0m
tag_tree BAhVOhNUcmVlOjpUcmVlTm9kZVsgewg6DGNvbnRlbnQiDQQIIglyb290Oglu
YW1lIglyb290OgtwYXJlbnQwewg7BiIPBAgiC+aUr+WHujsHIgYwOwhACXsI
OwYiDwQIIgvnpL7kuqQ7ByIGMjsIQAx7CDsGIg8ECCIL57SF5YyFOwciBjE7
CEAPewg7BiIPBAgiC+iri+WuojsHIgcxMjsIQA97CDsGIg8ECCIL56au54mp
OwciBzEzOwhAD3sIOwYiDwQIIgvogZrppJA7ByIHMTQ7CEAPewg7BiIPBAgi
C+emrumHkTsHIgcyNDsIQA97CDsGIg8ECCIL5a6255SoOwciBjM7CEAMewg7
BiISBAgiDumGq+eZguiyuzsHIgY0OwhADHsIOwYiDAQIIgjpo587ByIHMTA7
CEAMewg7BiIPBAgiC+iPnOmMojsHIgY1OwhAJ3sIOwYiDwQIIgvmmZrppJA7
ByIHMTE7CEAnewg7BiIPBAgiC+aXqemkkDsHIgY3OwhAJ3sIOwYiDwQIIgvp
m7bpo587ByIHMTY7CEAnewg7BiIPBAgiC+S4remkkDsHIgcyMDsIQCd7CDsG
IgwECCII6KGMOwciBjg7CEAMewg7BiISBAgiDueBq+i7iuiyuzsHIgY5OwhA
OXsIOwYiDwQIIgvpm7vlvbE7ByIHMTc7CEAMewg7BiIMBAgiCOiCsjsHIgcx
ODsIQAx7CDsGIg8ECCIL5pWZ5p2QOwciBzE5OwhAQnsIOwYiEgQIIg7kv53p
mqrosrs7ByIHMjI7CEAMewg7BiIPBAgiC+WutumbuzsHIgcyMzsIQAx7CDsG
IhUECCIR5LqM5L+h5rS75YSyOwciBjY7CEAMewg7BiIOBAgiCmljYXNoOwci
BzI2OwhADHsIOwYiDwQIIgvmlLblhaU7ByIHMTU7CEAJewg7BiISBAgiDui8
lOWKqemHkTsHIgcyNTsIQFQ=
Rendering template within layouts/tag_trees
Rendering tag_trees/show
Rendered mlogs/_topbar (0.0ms)
Rendered mlogs/_adsense (0.0ms)
Rendered mlogs/_tasks (0.0ms)
Completed in 94ms (View: 16, DB: 0) | 200 OK [http://localhost/tag_trees/root]


Processing MonthlyMlogsController#show (for 127.0.0.1 at 2009-03-10 10:39:03) [GET]
  Parameters: {"id"=>"200903"}
  [4;35;1mUser Load (0.0ms)[0m   [0mSELECT * FROM "users" WHERE ("users"."id" = 1) LIMIT 1[0m
Rendering template within layouts/monthly
Rendering monthly_mlogs/show
Rendered mlogs/_mon_selector (16.0ms)
  [4;36;1mMlog Load (0.0ms)[0m   [0;1mSELECT * FROM "mlogs" WHERE ("mlogs".user_id = 1 AND (date BETWEEN '2009-03-01' AND '2009-03-31' )) ORDER BY date DESC[0m
Rendered mlogs/_topbar (0.0ms)
Rendered mlogs/_adsense (0.0ms)
Rendered mlogs/_tasks (0.0ms)
Rendered mlogs/_caculator (0.0ms)
Completed in 94ms (View: 47, DB: 0) | 200 OK [http://localhost/monthly_mlogs/200903]


Processing MonthlyTaglistsController#show (for 127.0.0.1 at 2009-03-10 10:39:06) [GET]
  Parameters: {"id"=>"200903"}
  [4;35;1mUser Load (0.0ms)[0m   [0mSELECT * FROM "users" WHERE ("users"."id" = 1) LIMIT 1[0m
Rendering template within layouts/monthly
Rendering monthly_taglists/show
Rendered mlogs/_mon_selector (0.0ms)
  [4;36;1mTagTree Load (0.0ms)[0m   [0;1mSELECT * FROM "tag_trees" WHERE ("tag_trees".user_id = 1) LIMIT 1[0m
tag_tree BAhVOhNUcmVlOjpUcmVlTm9kZVsgewg6DGNvbnRlbnQiDQQIIglyb290Oglu
YW1lIglyb290OgtwYXJlbnQwewg7BiIPBAgiC+aUr+WHujsHIgYwOwhACXsI
OwYiDwQIIgvnpL7kuqQ7ByIGMjsIQAx7CDsGIg8ECCIL57SF5YyFOwciBjE7
CEAPewg7BiIPBAgiC+iri+WuojsHIgcxMjsIQA97CDsGIg8ECCIL56au54mp
OwciBzEzOwhAD3sIOwYiDwQIIgvogZrppJA7ByIHMTQ7CEAPewg7BiIPBAgi
C+emrumHkTsHIgcyNDsIQA97CDsGIg8ECCIL5a6255SoOwciBjM7CEAMewg7
BiISBAgiDumGq+eZguiyuzsHIgY0OwhADHsIOwYiDAQIIgjpo587ByIHMTA7
CEAMewg7BiIPBAgiC+iPnOmMojsHIgY1OwhAJ3sIOwYiDwQIIgvmmZrppJA7
ByIHMTE7CEAnewg7BiIPBAgiC+aXqemkkDsHIgY3OwhAJ3sIOwYiDwQIIgvp
m7bpo587ByIHMTY7CEAnewg7BiIPBAgiC+S4remkkDsHIgcyMDsIQCd7CDsG
IgwECCII6KGMOwciBjg7CEAMewg7BiISBAgiDueBq+i7iuiyuzsHIgY5OwhA
OXsIOwYiDwQIIgvpm7vlvbE7ByIHMTc7CEAMewg7BiIMBAgiCOiCsjsHIgcx
ODsIQAx7CDsGIg8ECCIL5pWZ5p2QOwciBzE5OwhAQnsIOwYiEgQIIg7kv53p
mqrosrs7ByIHMjI7CEAMewg7BiIPBAgiC+WutumbuzsHIgcyMzsIQAx7CDsG
IhUECCIR5LqM5L+h5rS75YSyOwciBjY7CEAMewg7BiIOBAgiCmljYXNoOwci
BzI2OwhADHsIOwYiDwQIIgvmlLblhaU7ByIHMTU7CEAJewg7BiISBAgiDui8
lOWKqemHkTsHIgcyNTsIQFQ=
  [4;35;1mMlog Load (0.0ms)[0m   [0mSELECT * FROM "mlogs" WHERE ("mlogs".user_id = 1 AND (date BETWEEN '2009-03-01' AND '2009-03-31' )) ORDER BY date DESC[0m
  [4;36;1mCACHE (0.0ms)[0m   [0;1mSELECT * FROM "mlogs" WHERE ("mlogs".user_id = 1 AND (date BETWEEN '2009-03-01' AND '2009-03-31' )) ORDER BY date DESC[0m
  [4;35;1mCACHE (0.0ms)[0m   [0mSELECT * FROM "mlogs" WHERE ("mlogs".user_id = 1 AND (date BETWEEN '2009-03-01' AND '2009-03-31' )) ORDER BY date DESC[0m
  [4;36;1mCACHE (0.0ms)[0m   [0;1mSELECT * FROM "mlogs" WHERE ("mlogs".user_id = 1 AND (date BETWEEN '2009-03-01' AND '2009-03-31' )) ORDER BY date DESC[0m
  [4;35;1mCACHE (0.0ms)[0m   [0mSELECT * FROM "mlogs" WHERE ("mlogs".user_id = 1 AND (date BETWEEN '2009-03-01' AND '2009-03-31' )) ORDER BY date DESC[0m
  [4;36;1mCACHE (0.0ms)[0m   [0;1mSELECT * FROM "mlogs" WHERE ("mlogs".user_id = 1 AND (date BETWEEN '2009-03-01' AND '2009-03-31' )) ORDER BY date DESC[0m
  [4;35;1mCACHE (0.0ms)[0m   [0mSELECT * FROM "mlogs" WHERE ("mlogs".user_id = 1 AND (date BETWEEN '2009-03-01' AND '2009-03-31' )) ORDER BY date DESC[0m
  [4;36;1mCACHE (0.0ms)[0m   [0;1mSELECT * FROM "mlogs" WHERE ("mlogs".user_id = 1 AND (date BETWEEN '2009-03-01' AND '2009-03-31' )) ORDER BY date DESC[0m
  [4;35;1mCACHE (0.0ms)[0m   [0mSELECT * FROM "mlogs" WHERE ("mlogs".user_id = 1 AND (date BETWEEN '2009-03-01' AND '2009-03-31' )) ORDER BY date DESC[0m
Rendered mlogs/_topbar (0.0ms)
Rendered mlogs/_adsense (0.0ms)
Rendered mlogs/_tasks (15.0ms)
Rendered mlogs/_caculator (0.0ms)
Completed in 140ms (View: 93, DB: 0) | 200 OK [http://localhost/monthly_taglists/200903]
